User searched - index_name: stock_info, field_name: 회사명, match_name: 삼성전자
User searched - index_name: stock_info, field_name: 회사명, match_name: 삼성전자
User searched - index_name: stock_info, field_name: 회사명, match_name: 삼성전자, NAVER
User searched - index_name: stock_info, field_name: 회사명, match_name: 삼성전자, NAVER
User searched - index_name: stock_info, field_name: 회사명, match_name: 삼성전자, NAVER
User searched - index_name: stock_info, field_name: 회사명, match_name: 삼성전자, NAVER
User searched - index_name: stock_info, field_name: 회사명, match_name: 삼성전자, NAVER
User searched - index_name: stock_info, field_name: 회사명, match_name: 삼성전자, NAVER
User searched - index_name: stock_info, field_name: 회사명, match_name: 삼성전자, NAVER
User searched - index_name: stock_info, field_name: 회사명, match_name: 삼성전자, NAVER
User searched - index_name: stock_info, field_name: 회사명, match_name: 삼성전자, NAVER
User searched - index_name: stock_info, field_name: 회사명, match_name: 삼성전자, NAVER
User searched - index_name: stock_info, field_name: 회사명, match_name: 삼성전자, NAVER
User searched - index_name: stock_info, field_name: 업종, match_name: 통신, 장비
User searched - index_name: stock_info, field_name: 업종, match_name: 통신, 장비
User searched - index_name: stock_info, field_name: 업종, match_name: 통신, 장비
User searched - index_name: stock_info, field_name: 업종, match_name: 통신, 장비
User searched - index_name: stock_info, field_name: 업종, match_name: 통신, 장비
User searched - index_name: stock_info, field_name: 업종, match_name: 통신, 장비
User searched - index_name: stock_info, field_name: 업종, match_name: 통신, 장비
User searched - index_name: stock_info, field_name: 업종, match_name: 통신, 장비
User searched - index_name: stock_info, field_name: 업종, match_name: 통신, 장비
User searched - index_name: stock_info, field_name: 업종, match_name: 통신, 장비
User searched - index_name: stock_info, field_name: 업종, match_name: 통신, 장비
User searched - index_name: stock_info, field_name: 업종, match_name: 통신, 장비
User searched - index_name: stock_info, field_name: 업종, match_name: 통신, 장비
User searched - index_name: stock_info, field_name: 업종, match_name: 통신, 장비
User searched - index_name: stock_info, field_name: 업종, match_name: 통신, 건설
User searched - index_name: stock_info, field_name: 업종, match_name: 통신, 건설
User searched - index_name: stock_info, field_name: 업종, match_name: 통신, 건설
User searched - index_name: stock_info, field_name: 업종, match_name: 통신, 건설
User searched - index_name: stock_info, field_name: 업종, match_name: 통신, 건설
User searched - index_name: stock_info, field_name: 업종, match_name: 통신, 건설
User searched - index_name: stock_info, field_name: 업종, match_name: 통신, 건설
User searched - index_name: stock_info, field_name: 업종, match_name: 통신, 건설
User searched - index_name: stock_info, field_name: 업종, match_name: 통신, 건설
User searched - index_name: stock_info, field_name: 업종, match_name: 통신, 건설
User searched - index_name: stock_info, field_name: 업종, match_name: 통신, 건설
User searched - index_name: stock_info, field_name: 업종, match_name: 통신, 건설
User searched - index_name: stock_info, field_name: 업종, match_name: 통신, 건설
User searched - index_name: stock_info, field_name: 업종, match_name: 통신, 건설
User searched - index_name: stock_info, field_name: 업종, match_name: 통신, 건설
User searched - index_name: stock_info, field_name: 업종, match_name: 통신, 건설
User searched - index_name: stock_info, field_name: 업종, 주요제품, match_name: 통신, 건설
User searched - index_name: stock_info, field_name: 업종, 주요제품, match_name: 통신, 건설
User searched - index_name: stock_info, field_name: 업종, 주요제품, match_name: 통신, 건설
User searched - index_name: stock_info, field_name: 업종, 주요제품, match_name: 통신, 건설
User searched - index_name: stock_info, field_name: 업종, 주요제품, match_name: 통신, 건설
User searched - index_name: stock_info, field_name: 업종, 주요제품, match_name: 통신, 건설
User searched - index_name: stock_info, field_name: 업종, 주요제품, match_name: 통신, 건설
User searched - index_name: stock_info, field_name: 업종, 주요제품, match_name: 통신, 건설
User searched - index_name: stock_info, field_name: 업종, 주요제품, match_name: 통신, 건설
User searched - index_name: stock_info, field_name: 업종, 주요제품, match_name: 통신, 건설
User searched - index_name: stock_info, field_name: 업종, 주요제품, match_name: 통신, 건설
User searched - index_name: stock_info, field_name: 업종, 주요제품, match_name: 통신, 건설
User searched - index_name: stock_info, field_name: 업종, 주요제품, match_name: 통신, 건설
User searched - index_name: stock_info, field_name: 업종, 주요제품, match_name: 통신, 건설
User searched - index_name: stock_info, field_name: 업종, 주요제품, match_name: 통신, 건설
User searched - index_name: stock_info, field_name: 업종, 주요제품, match_name: 통신, 건설
User searched - index_name: stock_info, field_name: 업종, 주요제품, match_name: 통신, 건설
User searched - index_name: stock_info, field_name: 업종, 주요제품, match_name: 통신, 건설
